<?xml version="1.0" encoding="UTF-8" standalone="no"?>
<testsuite errors="0" failures="0" name="io.cucumber.core.plugin.JUnitFormatter" skipped="0" tests="1" time="10.114">
    <testcase classname="Validar accion hover con el mpuse" name="Validar que se muestra la informacion al hacer hover en la imagen" time="10.005">
        <system-out><![CDATA[Given Como usuario navego el sitio web del hover............................passed
When como usuario paso el mouse sobre la imagen.............................passed
Then Valido que se muestre la informacion...................................passed
]]></system-out>
    </testcase>
</testsuite>
